Release 14.6 - xst P.68d (nt64)
Copyright (c) 1995-2013 Xilinx, Inc.  All rights reserved.
--> Parameter TMPDIR set to xst/projnav.tmp


Total REAL time to Xst completion: 0.00 secs
Total CPU time to Xst completion: 0.12 secs
 
--> Parameter xsthdpdir set to xst


Total REAL time to Xst completion: 0.00 secs
Total CPU time to Xst completion: 0.13 secs
 
--> Reading design: alu_VHDL_4bit.prj

TABLE OF CONTENTS
  1) Synthesis Options Summary
  2) HDL Parsing
  3) HDL Elaboration
  4) HDL Synthesis
       4.1) HDL Synthesis Report
  5) Advanced HDL Synthesis
       5.1) Advanced HDL Synthesis Report
  6) Low Level Synthesis
  7) Partition Report
  8) Design Summary
       8.1) Primitive and Black Box Usage
       8.2) Device utilization summary
       8.3) Partition Resource Summary
       8.4) Timing Report
            8.4.1) Clock Information
            8.4.2) Asynchronous Control Signals Information
            8.4.3) Timing Summary
            8.4.4) Timing Details
            8.4.5) Cross Clock Domains Report


=========================================================================
*                      Synthesis Options Summary                        *
=========================================================================
---- Source Parameters
Input File Name                    : "alu_VHDL_4bit.prj"
Ignore Synthesis Constraint File   : NO

---- Target Parameters
Output File Name                   : "alu_VHDL_4bit"
Output Format                      : NGC
Target Device                      : xc6slx16-3-csg324

---- Source Options
Top Module Name                    : alu_VHDL_4bit
Automatic FSM Extraction           : YES
FSM Encoding Algorithm             : Auto
Safe Implementation                : No
FSM Style                          : LUT
RAM Extraction                     : Yes
RAM Style                          : Auto
ROM Extraction                     : Yes
Shift Register Extraction          : YES
ROM Style                          : Auto
Resource Sharing                   : YES
Asynchronous To Synchronous        : NO
Shift Register Minimum Size        : 2
Use DSP Block                      : Auto
Automatic Register Balancing       : No

---- Target Options
LUT Combining                      : Auto
Reduce Control Sets                : Auto
Add IO Buffers                     : YES
Global Maximum Fanout              : 100000
Add Generic Clock Buffer(BUFG)     : 16
Register Duplication               : YES
Optimize Instantiated Primitives   : NO
Use Clock Enable                   : Auto
Use Synchronous Set                : Auto
Use Synchronous Reset              : Auto
Pack IO Registers into IOBs        : Auto
Equivalent register Removal        : YES

---- General Options
Optimization Goal                  : Speed
Optimization Effort                : 1
Power Reduction                    : NO
Keep Hierarchy                     : No
Netlist Hierarchy                  : As_Optimized
RTL Output                         : Yes
Global Optimization                : AllClockNets
Read Cores                         : YES
Write Timing Constraints           : NO
Cross Clock Analysis               : NO
Hierarchy Separator                : /
Bus Delimiter                      : <>
Case Specifier                     : Maintain
Slice Utilization Ratio            : 100
BRAM Utilization Ratio             : 100
DSP48 Utilization Ratio            : 100
Auto BRAM Packing                  : NO
Slice Utilization Ratio Delta      : 5

=========================================================================


=========================================================================
*                          HDL Parsing                                  *
=========================================================================
Parsing VHDL file "\\south.cfs.uoguelph.ca\soe-undergradhome$\gthoms\ENGG3050\ALU_VHDL\alu_VHDL.vhd" into library work
Parsing entity <alu_VHDL_4bit>.
Parsing architecture <Behavioral> of entity <alu_vhdl_4bit>.
Parsing entity <alu_VHDL_1bit>.
Parsing architecture <Behavioral> of entity <alu_vhdl_1bit>.
WARNING:HDLCompiler:946 - "\\south.cfs.uoguelph.ca\soe-undergradhome$\gthoms\ENGG3050\ALU_VHDL\alu_VHDL.vhd" Line 163: Actual for formal port b2 is neither a static name nor a globally static expression
WARNING:HDLCompiler:946 - "\\south.cfs.uoguelph.ca\soe-undergradhome$\gthoms\ENGG3050\ALU_VHDL\alu_VHDL.vhd" Line 164: Actual for formal port b1 is neither a static name nor a globally static expression
Parsing entity <FullAdder>.
Parsing architecture <dataflow> of entity <fulladder>.
Parsing entity <Mux8to1>.
Parsing architecture <Behavioral> of entity <mux8to1>.
Parsing entity <SevenSeg>.
Parsing architecture <Behavioral> of entity <sevenseg>.

=========================================================================
*                            HDL Elaboration                            *
=========================================================================

Elaborating entity <alu_VHDL_4bit> (architecture <Behavioral>) from library <work>.

Elaborating entity <alu_VHDL_1bit> (architecture <Behavioral>) from library <work>.
WARNING:HDLCompiler:1127 - "\\south.cfs.uoguelph.ca\soe-undergradhome$\gthoms\ENGG3050\ALU_VHDL\alu_VHDL.vhd" Line 158: Assignment to b_not_s ignored, since the identifier is never used
WARNING:HDLCompiler:1127 - "\\south.cfs.uoguelph.ca\soe-undergradhome$\gthoms\ENGG3050\ALU_VHDL\alu_VHDL.vhd" Line 159: Assignment to a_not_s ignored, since the identifier is never used

Elaborating entity <Mux8to1> (architecture <Behavioral>) from library <work>.

Elaborating entity <FullAdder> (architecture <dataflow>) from library <work>.

Elaborating entity <SevenSeg> (architecture <Behavioral>) from library <work>.
INFO:HDLCompiler:679 - "\\south.cfs.uoguelph.ca\soe-undergradhome$\gthoms\ENGG3050\ALU_VHDL\alu_VHDL.vhd" Line 291. Case statement is complete. others clause is never selected

=========================================================================
*                           HDL Synthesis                               *
=========================================================================

Synthesizing Unit <alu_VHDL_4bit>.
    Related source file is "\\south.cfs.uoguelph.ca\soe-undergradhome$\gthoms\ENGG3050\ALU_VHDL\alu_VHDL.vhd".
WARNING:Xst:647 - Input <ci> is never used. This port will be preserved and left unconnected if it belongs to a top-level block or it belongs to a sub-block and the hierarchy of this sub-block is preserved.
    Summary:
	no macro.
Unit <alu_VHDL_4bit> synthesized.

Synthesizing Unit <alu_VHDL_1bit>.
    Related source file is "\\south.cfs.uoguelph.ca\soe-undergradhome$\gthoms\ENGG3050\ALU_VHDL\alu_VHDL.vhd".
    Summary:
	no macro.
Unit <alu_VHDL_1bit> synthesized.

Synthesizing Unit <Mux8to1>.
    Related source file is "\\south.cfs.uoguelph.ca\soe-undergradhome$\gthoms\ENGG3050\ALU_VHDL\alu_VHDL.vhd".
    Found 1-bit 8-to-1 multiplexer for signal <dout> created at line 224.
    Summary:
	inferred   1 Multiplexer(s).
Unit <Mux8to1> synthesized.

Synthesizing Unit <FullAdder>.
    Related source file is "\\south.cfs.uoguelph.ca\soe-undergradhome$\gthoms\ENGG3050\ALU_VHDL\alu_VHDL.vhd".
    Summary:
Unit <FullAdder> synthesized.

Synthesizing Unit <SevenSeg>.
    Related source file is "\\south.cfs.uoguelph.ca\soe-undergradhome$\gthoms\ENGG3050\ALU_VHDL\alu_VHDL.vhd".
    Found 16x7-bit Read Only RAM for signal <SevenSegDisplay>
    Summary:
	inferred   1 RAM(s).
Unit <SevenSeg> synthesized.

=========================================================================
HDL Synthesis Report

Macro Statistics
# RAMs                                                 : 1
 16x7-bit single-port Read Only RAM                    : 1
# Multiplexers                                         : 8
 1-bit 8-to-1 multiplexer                              : 8
# Xors                                                 : 8
 1-bit xor2                                            : 8

=========================================================================

=========================================================================
*                       Advanced HDL Synthesis                          *
=========================================================================


Synthesizing (advanced) Unit <SevenSeg>.
INFO:Xst:3218 - HDL ADVISOR - The RAM <Mram_SevenSegDisplay> will be implemented on LUTs either because you have described an asynchronous read or because of currently unsupported block RAM features. If you have described an asynchronous read, making it synchronous would allow you to take advantage of available block RAM resources, for optimized device usage and improved timings. Please refer to your documentation for coding guidelines.
    -----------------------------------------------------------------------
    | ram_type           | Distributed                         |          |
    -----------------------------------------------------------------------
    | Port A                                                              |
    |     aspect ratio   | 16-word x 7-bit                     |          |
    |     weA            | connected to signal <GND>           | high     |
    |     addrA          | connected to signal <BCD>           |          |
    |     diA            | connected to signal <GND>           |          |
    |     doA            | connected to signal <SevenSegDisplay> |          |
    -----------------------------------------------------------------------
Unit <SevenSeg> synthesized (advanced).

=========================================================================
Advanced HDL Synthesis Report

Macro Statistics
# RAMs                                                 : 1
 16x7-bit single-port distributed Read Only RAM        : 1
# Multiplexers                                         : 8
 1-bit 8-to-1 multiplexer                              : 8
# Xors                                                 : 8
 1-bit xor2                                            : 8

=========================================================================

=========================================================================
*                         Low Level Synthesis                           *
=========================================================================

Optimizing unit <alu_VHDL_4bit> ...

Mapping all equations...
Building and optimizing final netlist ...
Found area constraint ratio of 100 (+ 5) on block alu_VHDL_4bit, actual ratio is 0.

Final Macro Processing ...

=========================================================================
Final Register Report

Found no macro
=========================================================================

=========================================================================
*                           Partition Report                            *
=========================================================================

Partition Implementation Status
-------------------------------

  No Partitions were found in this design.

-------------------------------

=========================================================================
*                            Design Summary                             *
=========================================================================

Top Level Output File Name         : alu_VHDL_4bit.ngc

Primitive and Black Box Usage:
------------------------------
# BELS                             : 19
#      GND                         : 1
#      LUT4                        : 11
#      LUT5                        : 1
#      LUT6                        : 5
#      VCC                         : 1
# IO Buffers                       : 35
#      IBUF                        : 11
#      OBUF                        : 24

Device utilization summary:
---------------------------

Selected Device : 6slx16csg324-3 


Slice Logic Utilization: 
 Number of Slice LUTs:                   17  out of   9112     0%  
    Number used as Logic:                17  out of   9112     0%  

Slice Logic Distribution: 
 Number of LUT Flip Flop pairs used:     17
   Number with an unused Flip Flop:      17  out of     17   100%  
   Number with an unused LUT:             0  out of     17     0%  
   Number of fully used LUT-FF pairs:     0  out of     17     0%  
   Number of unique control sets:         0

IO Utilization: 
 Number of IOs:                          36
 Number of bonded IOBs:                  35  out of    232    15%  

Specific Feature Utilization:

---------------------------
Partition Resource Summary:
---------------------------

  No Partitions were found in this design.

---------------------------


=========================================================================
Timing Report

NOTE: THESE TIMING NUMBERS ARE ONLY A SYNTHESIS ESTIMATE.
      FOR ACCURATE TIMING INFORMATION PLEASE REFER TO THE TRACE REPORT
      GENERATED AFTER PLACE-and-ROUTE.

Clock Information:
------------------
No clock signals found in this design

Asynchronous Control Signals Information:
----------------------------------------
No asynchronous control signals found in this design

Timing Summary:
---------------
Speed Grade: -3

   Minimum period: No path found
   Minimum input arrival time before clock: No path found
   Maximum output required time after clock: No path found
   Maximum combinational path delay: 9.197ns

Timing Details:
---------------
All values displayed in nanoseconds (ns)

=========================================================================
Timing constraint: Default path analysis
  Total number of paths / destination ports: 487 / 20
-------------------------------------------------------------------------
Delay:               9.197ns (Levels of Logic = 6)
  Source:            SEL<1> (PAD)
  Destination:       SS<5> (PAD)

  Data Path: SEL<1> to SS<5>
                                Gate     Net
    Cell:in->out      fanout   Delay   Delay  Logical Name (Net Name)
    ----------------------------------------  ------------
     IBUF:I->O            10   1.222   1.104  SEL_1_IBUF (SEL_1_IBUF)
     LUT4:I0->O            2   0.203   0.864  G1/B0/Mmux_dout11 (G1/dout_s_b)
     LUT6:I2->O            3   0.203   0.995  G1/F0/co1 (C_two)
     LUT6:I1->O            8   0.203   1.050  G2/F0/Mxor_g_xo<0>1 (S_2_OBUF)
     LUT4:I0->O            1   0.203   0.579  U1/Mram_SevenSegDisplay51 (SS_5_OBUF)
     OBUF:I->O                 2.571          SS_5_OBUF (SS<5>)
    ----------------------------------------
    Total                      9.197ns (4.605ns logic, 4.592ns route)
                                       (50.1% logic, 49.9% route)

=========================================================================

Cross Clock Domains Report:
--------------------------

=========================================================================


Total REAL time to Xst completion: 6.00 secs
Total CPU time to Xst completion: 5.93 secs
 
--> 

Total memory usage is 258024 kilobytes

Number of errors   :    0 (   0 filtered)
Number of warnings :    5 (   0 filtered)
Number of infos    :    1 (   0 filtered)

